{"C:\\projects\\prueba\\test-tecnico\\frontend\\components\\Search.vue": {"path":"C:\\projects\\prueba\\test-tecnico\\frontend\\components\\Search.vue","statementMap":{"0":{"start":{"line":82,"column":0},"end":{"line":82,"column":null}},"1":{"start":{"line":85,"column":0},"end":{"line":85,"column":null}},"2":{"start":{"line":90,"column":0},"end":{"line":90,"column":null}},"3":{"start":{"line":91,"column":0},"end":{"line":91,"column":null}},"4":{"start":{"line":95,"column":0},"end":{"line":95,"column":null}}},"fnMap":{"0":{"name":"(anonymous_1)","decl":{"start":{"line":81,"column":0},"end":{"line":81,"column":null}},"loc":{"start":{"line":81,"column":0},"end":{"line":83,"column":null}}},"1":{"name":"(anonymous_2)","decl":{"start":{"line":84,"column":0},"end":{"line":84,"column":null}},"loc":{"start":{"line":84,"column":0},"end":{"line":86,"column":null}}},"2":{"name":"(anonymous_3)","decl":{"start":{"line":89,"column":0},"end":{"line":89,"column":null}},"loc":{"start":{"line":89,"column":0},"end":{"line":92,"column":null}}},"3":{"name":"(anonymous_4)","decl":{"start":{"line":94,"column":0},"end":{"line":94,"column":null}},"loc":{"start":{"line":94,"column":0},"end":{"line":100,"column":null}}}},"branchMap":{"0":{"loc":{"start":{"line":90,"column":0},"end":{"line":90,"column":null}},"type":"if","locations":[{"start":{"line":90,"column":0},"end":{"line":90,"column":null}}]},"1":{"loc":{"start":{"line":90,"column":0},"end":{"line":90,"column":null}},"type":"binary-expr","locations":[{"start":{"line":90,"column":0},"end":{"line":90,"column":null}},{"start":{"line":90,"column":0},"end":{"line":90,"column":null}},{"start":{"line":90,"column":0},"end":{"line":90,"column":null}}]}},"s":{"0":0,"1":0,"2":0,"3":0,"4":0},"f":{"0":0,"1":0,"2":0,"3":0},"b":{"0":[0],"1":[0,0,0]}}
,"C:\\projects\\prueba\\test-tecnico\\frontend\\pages\\index.vue": {"path":"C:\\projects\\prueba\\test-tecnico\\frontend\\pages\\index.vue","statementMap":{"0":{"start":{"line":24,"column":0},"end":{"line":24,"column":null}},"1":{"start":{"line":25,"column":0},"end":{"line":25,"column":null}},"2":{"start":{"line":33,"column":0},"end":{"line":33,"column":null}},"3":{"start":{"line":40,"column":0},"end":{"line":40,"column":null}},"4":{"start":{"line":41,"column":0},"end":{"line":41,"column":null}},"5":{"start":{"line":42,"column":0},"end":{"line":45,"column":null}},"6":{"start":{"line":43,"column":0},"end":{"line":43,"column":null}},"7":{"start":{"line":46,"column":0},"end":{"line":46,"column":null}},"8":{"start":{"line":49,"column":0},"end":{"line":49,"column":null}},"9":{"start":{"line":50,"column":0},"end":{"line":50,"column":null}},"10":{"start":{"line":51,"column":0},"end":{"line":54,"column":null}},"11":{"start":{"line":52,"column":0},"end":{"line":52,"column":null}},"12":{"start":{"line":55,"column":0},"end":{"line":55,"column":null}},"13":{"start":{"line":58,"column":0},"end":{"line":58,"column":null}},"14":{"start":{"line":59,"column":0},"end":{"line":59,"column":null}},"15":{"start":{"line":60,"column":0},"end":{"line":63,"column":null}},"16":{"start":{"line":61,"column":0},"end":{"line":61,"column":null}},"17":{"start":{"line":62,"column":0},"end":{"line":62,"column":null}},"18":{"start":{"line":64,"column":0},"end":{"line":64,"column":null}},"19":{"start":{"line":72,"column":0},"end":{"line":74,"column":null}},"20":{"start":{"line":73,"column":0},"end":{"line":73,"column":null}},"21":{"start":{"line":79,"column":0},"end":{"line":79,"column":null}},"22":{"start":{"line":84,"column":0},"end":{"line":87,"column":null}},"23":{"start":{"line":86,"column":0},"end":{"line":86,"column":null}},"24":{"start":{"line":90,"column":0},"end":{"line":90,"column":null}},"25":{"start":{"line":93,"column":0},"end":{"line":111,"column":null}},"26":{"start":{"line":94,"column":0},"end":{"line":94,"column":null}},"27":{"start":{"line":95,"column":0},"end":{"line":110,"column":null}},"28":{"start":{"line":96,"column":0},"end":{"line":96,"column":null}},"29":{"start":{"line":97,"column":0},"end":{"line":97,"column":null}},"30":{"start":{"line":98,"column":0},"end":{"line":98,"column":null}},"31":{"start":{"line":99,"column":0},"end":{"line":105,"column":null}},"32":{"start":{"line":100,"column":0},"end":{"line":104,"column":null}},"33":{"start":{"line":101,"column":0},"end":{"line":101,"column":null}},"34":{"start":{"line":103,"column":0},"end":{"line":103,"column":null}},"35":{"start":{"line":106,"column":0},"end":{"line":106,"column":null}},"36":{"start":{"line":107,"column":0},"end":{"line":107,"column":null}},"37":{"start":{"line":109,"column":0},"end":{"line":109,"column":null}},"38":{"start":{"line":115,"column":0},"end":{"line":123,"column":null}},"39":{"start":{"line":116,"column":0},"end":{"line":116,"column":null}},"40":{"start":{"line":117,"column":0},"end":{"line":117,"column":null}},"41":{"start":{"line":118,"column":0},"end":{"line":118,"column":null}},"42":{"start":{"line":121,"column":0},"end":{"line":121,"column":null}},"43":{"start":{"line":122,"column":0},"end":{"line":122,"column":null}}},"fnMap":{"0":{"name":"(anonymous_2)","decl":{"start":{"line":32,"column":0},"end":{"line":32,"column":null}},"loc":{"start":{"line":32,"column":0},"end":{"line":37,"column":null}}},"1":{"name":"(anonymous_3)","decl":{"start":{"line":39,"column":0},"end":{"line":39,"column":null}},"loc":{"start":{"line":39,"column":0},"end":{"line":47,"column":null}}},"2":{"name":"(anonymous_4)","decl":{"start":{"line":42,"column":0},"end":{"line":42,"column":null}},"loc":{"start":{"line":42,"column":0},"end":{"line":45,"column":null}}},"3":{"name":"(anonymous_5)","decl":{"start":{"line":48,"column":0},"end":{"line":48,"column":null}},"loc":{"start":{"line":48,"column":0},"end":{"line":56,"column":null}}},"4":{"name":"(anonymous_6)","decl":{"start":{"line":51,"column":0},"end":{"line":51,"column":null}},"loc":{"start":{"line":51,"column":0},"end":{"line":54,"column":null}}},"5":{"name":"(anonymous_7)","decl":{"start":{"line":57,"column":0},"end":{"line":57,"column":null}},"loc":{"start":{"line":57,"column":0},"end":{"line":65,"column":null}}},"6":{"name":"(anonymous_8)","decl":{"start":{"line":60,"column":0},"end":{"line":60,"column":null}},"loc":{"start":{"line":60,"column":0},"end":{"line":63,"column":null}}},"7":{"name":"(anonymous_9)","decl":{"start":{"line":67,"column":0},"end":{"line":67,"column":null}},"loc":{"start":{"line":67,"column":0},"end":{"line":67,"column":null}}},"8":{"name":"(anonymous_10)","decl":{"start":{"line":71,"column":0},"end":{"line":71,"column":null}},"loc":{"start":{"line":71,"column":0},"end":{"line":75,"column":null}}},"9":{"name":"(anonymous_11)","decl":{"start":{"line":78,"column":0},"end":{"line":78,"column":null}},"loc":{"start":{"line":78,"column":0},"end":{"line":88,"column":null}}},"10":{"name":"(anonymous_12)","decl":{"start":{"line":84,"column":0},"end":{"line":84,"column":null}},"loc":{"start":{"line":84,"column":0},"end":{"line":87,"column":null}}},"11":{"name":"(anonymous_13)","decl":{"start":{"line":89,"column":0},"end":{"line":89,"column":null}},"loc":{"start":{"line":89,"column":0},"end":{"line":91,"column":null}}},"12":{"name":"(anonymous_14)","decl":{"start":{"line":92,"column":0},"end":{"line":92,"column":null}},"loc":{"start":{"line":92,"column":0},"end":{"line":112,"column":null}}},"13":{"name":"(anonymous_15)","decl":{"start":{"line":96,"column":0},"end":{"line":96,"column":null}},"loc":{"start":{"line":96,"column":0},"end":{"line":96,"column":null}}},"14":{"name":"(anonymous_16)","decl":{"start":{"line":97,"column":0},"end":{"line":97,"column":null}},"loc":{"start":{"line":97,"column":0},"end":{"line":97,"column":null}}},"15":{"name":"(anonymous_17)","decl":{"start":{"line":99,"column":0},"end":{"line":99,"column":null}},"loc":{"start":{"line":99,"column":0},"end":{"line":105,"column":null}}},"16":{"name":"(anonymous_18)","decl":{"start":{"line":114,"column":0},"end":{"line":114,"column":null}},"loc":{"start":{"line":114,"column":0},"end":{"line":124,"column":null}}}},"branchMap":{"0":{"loc":{"start":{"line":40,"column":0},"end":{"line":40,"column":null}},"type":"if","locations":[{"start":{"line":40,"column":0},"end":{"line":40,"column":null}}]},"1":{"loc":{"start":{"line":43,"column":0},"end":{"line":43,"column":null}},"type":"if","locations":[{"start":{"line":43,"column":0},"end":{"line":43,"column":null}}]},"2":{"loc":{"start":{"line":49,"column":0},"end":{"line":49,"column":null}},"type":"if","locations":[{"start":{"line":49,"column":0},"end":{"line":49,"column":null}}]},"3":{"loc":{"start":{"line":52,"column":0},"end":{"line":52,"column":null}},"type":"if","locations":[{"start":{"line":52,"column":0},"end":{"line":52,"column":null}}]},"4":{"loc":{"start":{"line":58,"column":0},"end":{"line":58,"column":null}},"type":"if","locations":[{"start":{"line":58,"column":0},"end":{"line":58,"column":null}}]},"5":{"loc":{"start":{"line":61,"column":0},"end":{"line":61,"column":null}},"type":"if","locations":[{"start":{"line":61,"column":0},"end":{"line":61,"column":null}}]},"6":{"loc":{"start":{"line":72,"column":0},"end":{"line":74,"column":null}},"type":"if","locations":[{"start":{"line":72,"column":0},"end":{"line":74,"column":null}}]},"7":{"loc":{"start":{"line":93,"column":0},"end":{"line":111,"column":null}},"type":"if","locations":[{"start":{"line":93,"column":0},"end":{"line":111,"column":null}}]},"8":{"loc":{"start":{"line":95,"column":0},"end":{"line":110,"column":null}},"type":"if","locations":[{"start":{"line":95,"column":0},"end":{"line":110,"column":null}},{"start":{"line":108,"column":0},"end":{"line":110,"column":null}}]},"9":{"loc":{"start":{"line":100,"column":0},"end":{"line":104,"column":null}},"type":"if","locations":[{"start":{"line":100,"column":0},"end":{"line":104,"column":null}},{"start":{"line":102,"column":0},"end":{"line":104,"column":null}}]}},"s":{"0":0,"1":0,"2":0,"3":0,"4":0,"5":0,"6":0,"7":0,"8":0,"9":0,"10":0,"11":0,"12":0,"13":0,"14":0,"15":0,"16":0,"17":0,"18":0,"19":0,"20":0,"21":0,"22":0,"23":0,"24":0,"25":0,"26":0,"27":0,"28":0,"29":0,"30":0,"31":0,"32":0,"33":0,"34":0,"35":0,"36":0,"37":0,"38":0,"39":0,"40":0,"41":0,"42":0,"43":0},"f":{"0":0,"1":0,"2":0,"3":0,"4":0,"5":0,"6":0,"7":0,"8":0,"9":0,"10":0,"11":0,"12":0,"13":0,"14":0,"15":0,"16":0},"b":{"0":[0],"1":[0],"2":[0],"3":[0],"4":[0],"5":[0],"6":[0],"7":[0],"8":[0,0],"9":[0,0]}}
,"C:\\projects\\prueba\\test-tecnico\\frontend\\pages\\car\\_slug.vue": {"path":"C:\\projects\\prueba\\test-tecnico\\frontend\\pages\\car\\_slug.vue","statementMap":{"0":{"start":{"line":51,"column":0},"end":{"line":51,"column":null}},"1":{"start":{"line":57,"column":0},"end":{"line":64,"column":null}},"2":{"start":{"line":58,"column":0},"end":{"line":58,"column":null}},"3":{"start":{"line":59,"column":0},"end":{"line":59,"column":null}},"4":{"start":{"line":62,"column":0},"end":{"line":62,"column":null}},"5":{"start":{"line":63,"column":0},"end":{"line":63,"column":null}},"6":{"start":{"line":69,"column":0},"end":{"line":69,"column":null}},"7":{"start":{"line":73,"column":0},"end":{"line":75,"column":null}},"8":{"start":{"line":74,"column":0},"end":{"line":74,"column":null}},"9":{"start":{"line":80,"column":0},"end":{"line":107,"column":null}},"10":{"start":{"line":82,"column":0},"end":{"line":106,"column":null}},"11":{"start":{"line":83,"column":0},"end":{"line":83,"column":null}},"12":{"start":{"line":84,"column":0},"end":{"line":88,"column":null}},"13":{"start":{"line":85,"column":0},"end":{"line":85,"column":null}},"14":{"start":{"line":87,"column":0},"end":{"line":87,"column":null}},"15":{"start":{"line":90,"column":0},"end":{"line":94,"column":null}},"16":{"start":{"line":91,"column":0},"end":{"line":91,"column":null}},"17":{"start":{"line":93,"column":0},"end":{"line":93,"column":null}},"18":{"start":{"line":96,"column":0},"end":{"line":96,"column":null}},"19":{"start":{"line":98,"column":0},"end":{"line":98,"column":null}},"20":{"start":{"line":102,"column":0},"end":{"line":102,"column":null}},"21":{"start":{"line":103,"column":0},"end":{"line":103,"column":null}},"22":{"start":{"line":105,"column":0},"end":{"line":105,"column":null}}},"fnMap":{"0":{"name":"(anonymous_1)","decl":{"start":{"line":50,"column":0},"end":{"line":50,"column":null}},"loc":{"start":{"line":50,"column":0},"end":{"line":54,"column":null}}},"1":{"name":"(anonymous_2)","decl":{"start":{"line":55,"column":0},"end":{"line":55,"column":null}},"loc":{"start":{"line":55,"column":0},"end":{"line":66,"column":null}}},"2":{"name":"(anonymous_3)","decl":{"start":{"line":68,"column":0},"end":{"line":68,"column":null}},"loc":{"start":{"line":68,"column":0},"end":{"line":70,"column":null}}},"3":{"name":"(anonymous_4)","decl":{"start":{"line":72,"column":0},"end":{"line":72,"column":null}},"loc":{"start":{"line":72,"column":0},"end":{"line":76,"column":null}}},"4":{"name":"(anonymous_5)","decl":{"start":{"line":79,"column":0},"end":{"line":79,"column":null}},"loc":{"start":{"line":79,"column":0},"end":{"line":108,"column":null}}},"5":{"name":"(anonymous_6)","decl":{"start":{"line":110,"column":0},"end":{"line":110,"column":null}},"loc":{"start":{"line":110,"column":0},"end":{"line":110,"column":null}}}},"branchMap":{"0":{"loc":{"start":{"line":73,"column":0},"end":{"line":75,"column":null}},"type":"if","locations":[{"start":{"line":73,"column":0},"end":{"line":75,"column":null}}]},"1":{"loc":{"start":{"line":80,"column":0},"end":{"line":107,"column":null}},"type":"if","locations":[{"start":{"line":80,"column":0},"end":{"line":107,"column":null}}]},"2":{"loc":{"start":{"line":82,"column":0},"end":{"line":106,"column":null}},"type":"if","locations":[{"start":{"line":82,"column":0},"end":{"line":106,"column":null}},{"start":{"line":97,"column":0},"end":{"line":106,"column":null}}]},"3":{"loc":{"start":{"line":84,"column":0},"end":{"line":88,"column":null}},"type":"if","locations":[{"start":{"line":84,"column":0},"end":{"line":88,"column":null}},{"start":{"line":86,"column":0},"end":{"line":88,"column":null}}]},"4":{"loc":{"start":{"line":90,"column":0},"end":{"line":94,"column":null}},"type":"if","locations":[{"start":{"line":90,"column":0},"end":{"line":94,"column":null}},{"start":{"line":92,"column":0},"end":{"line":94,"column":null}}]}},"s":{"0":0,"1":0,"2":0,"3":0,"4":0,"5":0,"6":0,"7":0,"8":0,"9":0,"10":0,"11":0,"12":0,"13":0,"14":0,"15":0,"16":0,"17":0,"18":0,"19":0,"20":0,"21":0,"22":0},"f":{"0":0,"1":0,"2":0,"3":0,"4":0,"5":0},"b":{"0":[0],"1":[0],"2":[0,0],"3":[0,0],"4":[0,0]}}
}
