TN:
SF:components\Search.vue
FN:81,(anonymous_1)
FN:84,(anonymous_2)
FN:89,(anonymous_3)
FN:94,(anonymous_4)
FNF:4
FNH:0
FNDA:0,(anonymous_1)
FNDA:0,(anonymous_2)
FNDA:0,(anonymous_3)
FNDA:0,(anonymous_4)
DA:82,0
DA:85,0
DA:90,0
DA:91,0
DA:95,0
LF:5
LH:0
BRDA:90,0,0,0
BRDA:90,1,0,0
BRDA:90,1,1,0
BRDA:90,1,2,0
BRF:4
BRH:0
end_of_record
TN:
SF:pages\index.vue
FN:32,(anonymous_2)
FN:39,(anonymous_3)
FN:42,(anonymous_4)
FN:48,(anonymous_5)
FN:51,(anonymous_6)
FN:57,(anonymous_7)
FN:60,(anonymous_8)
FN:67,(anonymous_9)
FN:71,(anonymous_10)
FN:78,(anonymous_11)
FN:84,(anonymous_12)
FN:89,(anonymous_13)
FN:92,(anonymous_14)
FN:96,(anonymous_15)
FN:97,(anonymous_16)
FN:99,(anonymous_17)
FN:114,(anonymous_18)
FNF:17
FNH:0
FNDA:0,(anonymous_2)
FNDA:0,(anonymous_3)
FNDA:0,(anonymous_4)
FNDA:0,(anonymous_5)
FNDA:0,(anonymous_6)
FNDA:0,(anonymous_7)
FNDA:0,(anonymous_8)
FNDA:0,(anonymous_9)
FNDA:0,(anonymous_10)
FNDA:0,(anonymous_11)
FNDA:0,(anonymous_12)
FNDA:0,(anonymous_13)
FNDA:0,(anonymous_14)
FNDA:0,(anonymous_15)
FNDA:0,(anonymous_16)
FNDA:0,(anonymous_17)
FNDA:0,(anonymous_18)
DA:24,0
DA:25,0
DA:33,0
DA:40,0
DA:41,0
DA:42,0
DA:43,0
DA:46,0
DA:49,0
DA:50,0
DA:51,0
DA:52,0
DA:55,0
DA:58,0
DA:59,0
DA:60,0
DA:61,0
DA:62,0
DA:64,0
DA:72,0
DA:73,0
DA:79,0
DA:84,0
DA:86,0
DA:90,0
DA:93,0
DA:94,0
DA:95,0
DA:96,0
DA:97,0
DA:98,0
DA:99,0
DA:100,0
DA:101,0
DA:103,0
DA:106,0
DA:107,0
DA:109,0
DA:115,0
DA:116,0
DA:117,0
DA:118,0
DA:121,0
DA:122,0
LF:44
LH:0
BRDA:40,0,0,0
BRDA:43,1,0,0
BRDA:49,2,0,0
BRDA:52,3,0,0
BRDA:58,4,0,0
BRDA:61,5,0,0
BRDA:72,6,0,0
BRDA:93,7,0,0
BRDA:95,8,0,0
BRDA:95,8,1,0
BRDA:100,9,0,0
BRDA:100,9,1,0
BRF:12
BRH:0
end_of_record
TN:
SF:pages\car\_slug.vue
FN:50,(anonymous_1)
FN:55,(anonymous_2)
FN:68,(anonymous_3)
FN:72,(anonymous_4)
FN:79,(anonymous_5)
FN:110,(anonymous_6)
FNF:6
FNH:0
FNDA:0,(anonymous_1)
FNDA:0,(anonymous_2)
FNDA:0,(anonymous_3)
FNDA:0,(anonymous_4)
FNDA:0,(anonymous_5)
FNDA:0,(anonymous_6)
DA:51,0
DA:57,0
DA:58,0
DA:59,0
DA:62,0
DA:63,0
DA:69,0
DA:73,0
DA:74,0
DA:80,0
DA:82,0
DA:83,0
DA:84,0
DA:85,0
DA:87,0
DA:90,0
DA:91,0
DA:93,0
DA:96,0
DA:98,0
DA:102,0
DA:103,0
DA:105,0
LF:23
LH:0
BRDA:73,0,0,0
BRDA:80,1,0,0
BRDA:82,2,0,0
BRDA:82,2,1,0
BRDA:84,3,0,0
BRDA:84,3,1,0
BRDA:90,4,0,0
BRDA:90,4,1,0
BRF:8
BRH:0
end_of_record
