{"C:\\projects\\prueba\\test-tecnico\\backend\\src\\app.js": {"path":"C:\\projects\\prueba\\test-tecnico\\backend\\src\\app.js","statementMap":{"0":{"start":{"line":9,"column":20},"end":{"line":12,"column":1}},"1":{"start":{"line":15,"column":12},"end":{"line":15,"column":21}},"2":{"start":{"line":19,"column":0},"end":{"line":19,"column":40}},"3":{"start":{"line":21,"column":0},"end":{"line":21,"column":24}},"4":{"start":{"line":22,"column":0},"end":{"line":22,"column":27}},"5":{"start":{"line":25,"column":0},"end":{"line":27,"column":3}},"6":{"start":{"line":26,"column":4},"end":{"line":26,"column":48}},"7":{"start":{"line":29,"column":0},"end":{"line":29,"column":32}},"8":{"start":{"line":30,"column":0},"end":{"line":30,"column":37}}},"fnMap":{"0":{"name":"(anonymous_0)","decl":{"start":{"line":25,"column":12},"end":{"line":25,"column":13}},"loc":{"start":{"line":25,"column":25},"end":{"line":27,"column":1}},"line":25}},"branchMap":{"0":{"loc":{"start":{"line":19,"column":16},"end":{"line":19,"column":38}},"type":"binary-expr","locations":[{"start":{"line":19,"column":16},"end":{"line":19,"column":30}},{"start":{"line":19,"column":34},"end":{"line":19,"column":38}}],"line":19}},"s":{"0":1,"1":1,"2":1,"3":1,"4":1,"5":1,"6":0,"7":1,"8":1},"f":{"0":0},"b":{"0":[1,0]},"_coverageSchema":"1a1c01bbd47fc00a2c39e90264f33305004495a9","hash":"f16e4f74bd5142145457c49bec48baf30941e21b"}
,"C:\\projects\\prueba\\test-tecnico\\backend\\src\\config.js": {"path":"C:\\projects\\prueba\\test-tecnico\\backend\\src\\config.js","statementMap":{"0":{"start":{"line":3,"column":0},"end":{"line":3,"column":9}}},"fnMap":{},"branchMap":{},"s":{"0":1},"f":{},"b":{},"_coverageSchema":"1a1c01bbd47fc00a2c39e90264f33305004495a9","hash":"2e7d85c7c608a9bc36fa247a9325fae48daf19ab"}
,"C:\\projects\\prueba\\test-tecnico\\backend\\src\\database.js": {"path":"C:\\projects\\prueba\\test-tecnico\\backend\\src\\database.js","statementMap":{"0":{"start":{"line":5,"column":0},"end":{"line":11,"column":5}},"1":{"start":{"line":6,"column":14},"end":{"line":9,"column":5}},"2":{"start":{"line":10,"column":3},"end":{"line":10,"column":64}}},"fnMap":{"0":{"name":"(anonymous_0)","decl":{"start":{"line":5,"column":1},"end":{"line":5,"column":2}},"loc":{"start":{"line":5,"column":13},"end":{"line":11,"column":1}},"line":5}},"branchMap":{},"s":{"0":1,"1":1,"2":1},"f":{"0":1},"b":{},"_coverageSchema":"1a1c01bbd47fc00a2c39e90264f33305004495a9","hash":"e40c0a1ea0c13c2d835677f8290d3efe4a84e0df"}
,"C:\\projects\\prueba\\test-tecnico\\backend\\src\\controllers\\car.controller.js": {"path":"C:\\projects\\prueba\\test-tecnico\\backend\\src\\controllers\\car.controller.js","statementMap":{"0":{"start":{"line":4,"column":27},"end":{"line":7,"column":1}},"1":{"start":{"line":5,"column":17},"end":{"line":5,"column":33}},"2":{"start":{"line":6,"column":4},"end":{"line":6,"column":19}},"3":{"start":{"line":9,"column":24},"end":{"line":25,"column":1}},"4":{"start":{"line":11,"column":18},"end":{"line":11,"column":90}},"5":{"start":{"line":12,"column":17},"end":{"line":12,"column":47}},"6":{"start":{"line":13,"column":19},"end":{"line":22,"column":6}},"7":{"start":{"line":23,"column":22},"end":{"line":23,"column":41}},"8":{"start":{"line":24,"column":4},"end":{"line":24,"column":23}},"9":{"start":{"line":27,"column":26},"end":{"line":30,"column":1}},"10":{"start":{"line":28,"column":16},"end":{"line":28,"column":50}},"11":{"start":{"line":29,"column":4},"end":{"line":29,"column":18}},"12":{"start":{"line":33,"column":36},"end":{"line":58,"column":1}},"13":{"start":{"line":36,"column":18},"end":{"line":36,"column":20}},"14":{"start":{"line":37,"column":4},"end":{"line":41,"column":5}},"15":{"start":{"line":38,"column":8},"end":{"line":40,"column":9}},"16":{"start":{"line":43,"column":4},"end":{"line":47,"column":5}},"17":{"start":{"line":44,"column":8},"end":{"line":46,"column":9}},"18":{"start":{"line":49,"column":4},"end":{"line":53,"column":5}},"19":{"start":{"line":50,"column":8},"end":{"line":52,"column":9}},"20":{"start":{"line":55,"column":16},"end":{"line":55,"column":40}},"21":{"start":{"line":56,"column":4},"end":{"line":56,"column":18}},"22":{"start":{"line":60,"column":32},"end":{"line":63,"column":1}},"23":{"start":{"line":61,"column":16},"end":{"line":61,"column":59}},"24":{"start":{"line":62,"column":4},"end":{"line":62,"column":18}},"25":{"start":{"line":67,"column":25},"end":{"line":72,"column":1}},"26":{"start":{"line":68,"column":16},"end":{"line":68,"column":58}},"27":{"start":{"line":69,"column":4},"end":{"line":71,"column":7}}},"fnMap":{"0":{"name":"(anonymous_0)","decl":{"start":{"line":4,"column":27},"end":{"line":4,"column":28}},"loc":{"start":{"line":4,"column":46},"end":{"line":7,"column":1}},"line":4},"1":{"name":"(anonymous_1)","decl":{"start":{"line":9,"column":24},"end":{"line":9,"column":25}},"loc":{"start":{"line":9,"column":44},"end":{"line":25,"column":1}},"line":9},"2":{"name":"(anonymous_2)","decl":{"start":{"line":27,"column":26},"end":{"line":27,"column":27}},"loc":{"start":{"line":27,"column":46},"end":{"line":30,"column":1}},"line":27},"3":{"name":"(anonymous_3)","decl":{"start":{"line":33,"column":36},"end":{"line":33,"column":37}},"loc":{"start":{"line":33,"column":56},"end":{"line":58,"column":1}},"line":33},"4":{"name":"(anonymous_4)","decl":{"start":{"line":60,"column":32},"end":{"line":60,"column":33}},"loc":{"start":{"line":60,"column":52},"end":{"line":63,"column":1}},"line":60},"5":{"name":"(anonymous_5)","decl":{"start":{"line":67,"column":25},"end":{"line":67,"column":26}},"loc":{"start":{"line":67,"column":45},"end":{"line":72,"column":1}},"line":67}},"branchMap":{"0":{"loc":{"start":{"line":37,"column":4},"end":{"line":41,"column":5}},"type":"if","locations":[{"start":{"line":37,"column":4},"end":{"line":41,"column":5}},{"start":{},"end":{}}],"line":37},"1":{"loc":{"start":{"line":43,"column":4},"end":{"line":47,"column":5}},"type":"if","locations":[{"start":{"line":43,"column":4},"end":{"line":47,"column":5}},{"start":{},"end":{}}],"line":43},"2":{"loc":{"start":{"line":49,"column":4},"end":{"line":53,"column":5}},"type":"if","locations":[{"start":{"line":49,"column":4},"end":{"line":53,"column":5}},{"start":{},"end":{}}],"line":49}},"s":{"0":1,"1":1,"2":1,"3":1,"4":0,"5":0,"6":0,"7":0,"8":0,"9":1,"10":0,"11":0,"12":1,"13":0,"14":0,"15":0,"16":0,"17":0,"18":0,"19":0,"20":0,"21":0,"22":1,"23":0,"24":0,"25":1,"26":0,"27":0},"f":{"0":1,"1":0,"2":0,"3":0,"4":0,"5":0},"b":{"0":[0,0],"1":[0,0],"2":[0,0]},"_coverageSchema":"1a1c01bbd47fc00a2c39e90264f33305004495a9","hash":"95f510a9ecaa7310fe151df05e58a1a21c033c5c"}
,"C:\\projects\\prueba\\test-tecnico\\backend\\src\\models\\Car.js": {"path":"C:\\projects\\prueba\\test-tecnico\\backend\\src\\models\\Car.js","statementMap":{"0":{"start":{"line":4,"column":18},"end":{"line":49,"column":2}}},"fnMap":{},"branchMap":{},"s":{"0":1},"f":{},"b":{},"_coverageSchema":"1a1c01bbd47fc00a2c39e90264f33305004495a9","hash":"0847941586bf63ccc884c25da95991a18ac49fc2"}
,"C:\\projects\\prueba\\test-tecnico\\backend\\src\\routes\\cars.routes.js": {"path":"C:\\projects\\prueba\\test-tecnico\\backend\\src\\routes\\cars.routes.js","statementMap":{"0":{"start":{"line":6,"column":15},"end":{"line":6,"column":23}},"1":{"start":{"line":9,"column":0},"end":{"line":9,"column":43}},"2":{"start":{"line":11,"column":0},"end":{"line":11,"column":45}},"3":{"start":{"line":13,"column":0},"end":{"line":13,"column":58}},"4":{"start":{"line":15,"column":0},"end":{"line":15,"column":42}},"5":{"start":{"line":17,"column":0},"end":{"line":17,"column":61}},"6":{"start":{"line":19,"column":0},"end":{"line":19,"column":47}}},"fnMap":{},"branchMap":{},"s":{"0":1,"1":1,"2":1,"3":1,"4":1,"5":1,"6":1},"f":{},"b":{},"_coverageSchema":"1a1c01bbd47fc00a2c39e90264f33305004495a9","hash":"e9f1a5df8780ba345a73dfc7f7454907fe194d69"}
,"C:\\projects\\prueba\\test-tecnico\\backend\\src\\routes\\seeder.routes.js": {"path":"C:\\projects\\prueba\\test-tecnico\\backend\\src\\routes\\seeder.routes.js","statementMap":{"0":{"start":{"line":6,"column":15},"end":{"line":6,"column":23}},"1":{"start":{"line":9,"column":0},"end":{"line":9,"column":39}}},"fnMap":{},"branchMap":{},"s":{"0":1,"1":1},"f":{},"b":{},"_coverageSchema":"1a1c01bbd47fc00a2c39e90264f33305004495a9","hash":"4767664b9452d74f9a2d5e3678833deffb98f181"}
,"C:\\projects\\prueba\\test-tecnico\\backend\\src\\seeders\\index.js": {"path":"C:\\projects\\prueba\\test-tecnico\\backend\\src\\seeders\\index.js","statementMap":{"0":{"start":{"line":4,"column":17},"end":{"line":113,"column":1}},"1":{"start":{"line":115,"column":26},"end":{"line":127,"column":1}},"2":{"start":{"line":116,"column":4},"end":{"line":123,"column":6}},"3":{"start":{"line":118,"column":22},"end":{"line":118,"column":74}},"4":{"start":{"line":119,"column":21},"end":{"line":119,"column":51}},"5":{"start":{"line":120,"column":8},"end":{"line":120,"column":27}},"6":{"start":{"line":121,"column":22},"end":{"line":121,"column":35}},"7":{"start":{"line":122,"column":8},"end":{"line":122,"column":22}},"8":{"start":{"line":124,"column":4},"end":{"line":126,"column":7}}},"fnMap":{"0":{"name":"(anonymous_0)","decl":{"start":{"line":115,"column":26},"end":{"line":115,"column":27}},"loc":{"start":{"line":115,"column":46},"end":{"line":127,"column":1}},"line":115},"1":{"name":"(anonymous_1)","decl":{"start":{"line":116,"column":18},"end":{"line":116,"column":19}},"loc":{"start":{"line":116,"column":27},"end":{"line":123,"column":5}},"line":116}},"branchMap":{},"s":{"0":1,"1":1,"2":0,"3":0,"4":0,"5":0,"6":0,"7":0,"8":0},"f":{"0":0,"1":0},"b":{},"_coverageSchema":"1a1c01bbd47fc00a2c39e90264f33305004495a9","hash":"3692d7416be061ed9eaa2dc9f0543e325fa2e671"}
}
